Arguments: 
  C:\Program Files\nodejs\node.exe C:\Program Files (x86)\Yarn\bin\yarn.js install

PATH: 
  C:\Program Files (x86)\cmder_mini\bin;C:\Program Files (x86)\cmder_mini\vendor\git-for-windows\bin;C:\Program Files (x86)\cmder_mini\vendor\git-for-windows\usr\bin;C:\Program Files (x86)\cmder_mini\vendor\git-for-windows\share\vim\vim74;C:\Program Files (x86)\Common Files\Oracle\Java\javapath;C:\ProgramData\Oracle\Java\javapath;C:\WINDOWS\system32;C:\WINDOWS;C:\WINDOWS\System32\Wbem;C:\WINDOWS\System32\WindowsPowerShell\v1.0\;C:\ProgramData\Lenovo\ReadyApps;C:\Program Files (x86)\Common Files\lenovo\easyplussdk\bin;C:\Program Files\Microsoft SQL Server\110\Tools\Binn\;C:\Program Files\Microsoft\Web Platform Installer\;C:\Program Files\Intel\WiFi\bin\;C:\Program Files\Common Files\Intel\WirelessCommon\;C:\Program Files\Microsoft SQL Server\130\Tools\Binn\;C:\Program Files\dotnet\;C:\Program Files\Git\cmd;C:\Program Files (x86)\Yarn\bin\;C:\Program Files\nodejs\;C:\Program Files (x86)\Microsoft VS Code\bin;C:\Program Files\PuTTY\;C:\Program Files\TortoiseSVN\bin;C:\apache-maven-3.3.9\bin;C:\RailsInstaller\Git\cmd;C:\RailsInstaller\Ruby2.2.0\bin;C:\Python34;C:\Program Files\Intel\WiFi\bin\;C:\Program Files\Common Files\Intel\WirelessCommon\;C:\Program Files (x86)\Microsoft VS Code\bin;C:\workspaceBCLuna\buildingcenter\modules\testsFront\bin;C:\Program Files\Git\cmd;C:\Users\capgemini\AppData\Local\Yarn\bin;C:\Users\capgemini\AppData\Roaming\npm;C:\Program Files\Docker Toolbox;C:\Users\capgemini\AppData\Local\Programs\Microsoft VS Code\bin;C:\Users\capgemini\AppData\Local\Programs\Fiddler;C:\Program Files (x86)\cmder_mini

Yarn version: 
  1.7.0

Node version: 
  8.11.3

Platform: 
  win32 x64

Trace: 
  SyntaxError: C:\Users\capgemini\Documents\schibsted\package.json: Unexpected token } in JSON at position 1787
      at JSON.parse (<anonymous>)
      at C:\Program Files (x86)\Yarn\lib\cli.js:1130:59
      at Generator.next (<anonymous>)
      at step (C:\Program Files (x86)\Yarn\lib\cli.js:98:30)
      at C:\Program Files (x86)\Yarn\lib\cli.js:109:13
      at <anonymous>

npm manifest: 
  {
    "name": "webpack-es6-boilerplate",
    "version": "1.0.1",
    "author": "Joseph Luccisano <joseph.luccisano@gmail.com> (https://jluccisano.github.io)",
    "description": "A delightfully Webpack ES6 Boilerplate",
    "license": "MIT",
    "keywords": [
      "webpack",
      "boilerplate",
      "es6",
      "babel",
      "eslint",
      "jest",
      "sass"
    ],
    "bugs": {
      "url": "https://github.com/jluccisano/webpack-es6-boilerplate/issues",
      "email": "joseph.luccisano@gmail.com"
    },
    "repository": {
      "type": "git",
      "url": "https://github.com/jluccisano/webpack-es6-boilerplate.git"
    },
    "main": "src/index.js",
    "scripts": {
      "start": "webpack-dev-server --config conf/webpack.dev.js",
      "build": "webpack --env=prod --progress --profile --colors",
      "lint": "eslint ./src/**.js",
      "coverage": "jest --coverage --config=conf/jest.config.js",
      "test": "jest --config=conf/jest.config.js",
      "test:watch": "jest --watch"
    },
    "devDependencies": {
      "babel-core": "6.26.0",
      "babel-eslint": "7.2.3",
      "babel-jest": "20.0.3",
      "babel-loader": "7.1.2",
      "babel-preset-env": "1.6.0",
      "clean-webpack-plugin": "0.1.16",
      "css-loader": "^0.28.5",
      "eslint": "4.5.0",
      "eslint-loader": "1.9.0",
      "extract-text-webpack-plugin": "3.0.0",
      "html-webpack-plugin": "2.30.1",
      "jest": "20.0.4",
      "node-sass": "4.5.3",
      "sass-loader": "6.0.6",
      "style-loader": "^0.18.2",
      "webpack": "3.5.5",
      "webpack-dev-server": "2.7.1",
      "webpack-merge": "4.1.0",
      "eslint-config-standard": "^10.2.1",
      "eslint-plugin-import": "^2.8.0",
      "eslint-plugin-jest": "^21.2.0",
      "eslint-plugin-node": "^5.2.1",
      "eslint-plugin-promise": "^3.6.0",
      "eslint-plugin-react": "^7.5.1",
      "eslint-plugin-standard": "^3.1.0",
    }
  }

yarn manifest: 
  No manifest

Lockfile: 
  No lockfile
